0 info it worked if it ends with ok
1 verbose cli [ '/usr/bin/node', '/usr/bin/npm', 'start' ]
2 info using npm@3.5.2
3 info using node@v8.10.0
4 verbose run-script [ 'prestart', 'start', 'poststart' ]
5 info lifecycle startbootstrap-resume@5.0.8~prestart: startbootstrap-resume@5.0.8
6 silly lifecycle startbootstrap-resume@5.0.8~prestart: no script for prestart, continuing
7 info lifecycle startbootstrap-resume@5.0.8~start: startbootstrap-resume@5.0.8
8 verbose lifecycle startbootstrap-resume@5.0.8~start: unsafe-perm in lifecycle true
9 verbose lifecycle startbootstrap-resume@5.0.8~start: PATH: /usr/share/npm/bin/node-gyp-bin:/home/nailana/Documentos/Nay aprende a programar/Projetos/nailanalopes.github.io/node_modules/.bin:/usr/local/sbin:/usr/local/bin:/usr/sbin:/usr/bin:/sbin:/bin:/usr/games:/usr/local/games:/snap/bin
10 verbose lifecycle startbootstrap-resume@5.0.8~start: CWD: /home/nailana/Documentos/Nay aprende a programar/Projetos/nailanalopes.github.io
11 silly lifecycle startbootstrap-resume@5.0.8~start: Args: [ '-c', 'gulp watch' ]
12 info lifecycle startbootstrap-resume@5.0.8~start: Failed to exec start script
13 verbose stack Error: startbootstrap-resume@5.0.8 start: `gulp watch`
13 verbose stack spawn ENOENT
13 verbose stack     at ChildProcess.<anonymous> (/usr/share/npm/lib/utils/spawn.js:17:16)
13 verbose stack     at emitTwo (events.js:126:13)
13 verbose stack     at ChildProcess.emit (events.js:214:7)
13 verbose stack     at maybeClose (internal/child_process.js:925:16)
13 verbose stack     at Process.ChildProcess._handle.onexit (internal/child_process.js:209:5)
14 verbose pkgid startbootstrap-resume@5.0.8
15 verbose cwd /home/nailana/Documentos/Nay aprende a programar/Projetos/nailanalopes.github.io
16 error Linux 5.3.0-51-generic
17 error argv "/usr/bin/node" "/usr/bin/npm" "start"
18 error node v8.10.0
19 error npm  v3.5.2
20 error file sh
21 error code ELIFECYCLE
22 error errno ENOENT
23 error syscall spawn
24 error startbootstrap-resume@5.0.8 start: `gulp watch`
24 error spawn ENOENT
25 error Failed at the startbootstrap-resume@5.0.8 start script 'gulp watch'.
25 error Make sure you have the latest version of node.js and npm installed.
25 error If you do, this is most likely a problem with the startbootstrap-resume package,
25 error not with npm itself.
25 error Tell the author that this fails on your system:
25 error     gulp watch
25 error You can get information on how to open an issue for this project with:
25 error     npm bugs startbootstrap-resume
25 error Or if that isn't available, you can get their info via:
25 error     npm owner ls startbootstrap-resume
25 error There is likely additional logging output above.
26 verbose exit [ 1, true ]
